Starting MOT RL training with TensorFlow...
Logging to: logs/mot_rl_20251022-064705
Run 'tensorboard --logdir logs' to monitor training

detuning: -3.6648122272527988
new atoms: 0.0, total atoms: 0.0, temperature: 1.628750037528541
observation shape: (50, 50, 4), action: [-0.11981404], reward: 0.0

detuning: -4.61828334248318
new atoms: 0.0, total atoms: 0.0, temperature: 1.628750037528541
observation shape: (50, 50, 4), action: [0.11133047], reward: 0.0

detuning: -6.7456522394876695
new atoms: 0.0, total atoms: 0.0, temperature: 1.628750037528541
observation shape: (50, 50, 4), action: [0.62705627], reward: 0.0

detuning: -0.9691813073226877
observation shape: (50, 50, 4), action: [-0.77330032], reward: 0.0

detuning: -4.028177424644862
new atoms: 0.0, total atoms: 0.0, temperature: 1.628750037528541
observation shape: (50, 50, 4), action: [-0.03172551], reward: 0.0

detuning: -8.048741540475582
new atoms: 20843035.59437449, total atoms: 20843035.59437449, temperature: 1.628750037528541
observation shape: (50, 50, 4), action: [0.9429567], reward: 0.00019713666404478893

detuning: -2.9865395729957034
new atoms: 0.0, total atoms: 20843035.59437449, temperature: 1.628750037528541
observation shape: (50, 50, 4), action: [-0.28424377], reward: 0.00019713666404478893

detuning: -6.012499361538676
new atoms: 0.0, total atoms: 20843035.59437449, temperature: 1.628750037528541
observation shape: (50, 50, 4), action: [0.44932224], reward: 0.00019713666404478893

detuning: -6.773857049704874
new atoms: 0.0, total atoms: 20843035.59437449, temperature: 1.628750037528541
observation shape: (50, 50, 4), action: [0.6338938], reward: 0.00019713666404478893

detuning: -8.051665430988017
new atoms: 24201219.273400992, total atoms: 45044254.867775485, temperature: 1.628750037528541
observation shape: (50, 50, 4), action: [0.94366553], reward: 0.0004260355502829525

detuning: -2.399394838002643
observation shape: (50, 50, 4), action: [-0.42658189], reward: 0.0

detuning: -2.515197328107604
new atoms: 0.0, total atoms: 0.0, temperature: 1.628750037528541
observation shape: (50, 50, 4), action: [-0.39850856], reward: 0.0

detuning: -2.952063193715833
new atoms: 0.0, total atoms: 0.0, temperature: 1.628750037528541
observation shape: (50, 50, 4), action: [-0.29260168], reward: 0.0

detuning: -1.1647588131533966
observation shape: (50, 50, 4), action: [-0.72588759], reward: 0.0

detuning: -3.5922706421539106
new atoms: 0.0, total atoms: 0.0, temperature: 1.628750037528541
observation shape: (50, 50, 4), action: [-0.13739988], reward: 0.0

detuning: -7.906849192437873
new atoms: 19375009.278532386, total atoms: 19375009.278532386, temperature: 1.628750037528541
observation shape: (50, 50, 4), action: [0.90855856], reward: 0.00018325184341371042

detuning: -7.46795459697725
new atoms: 11381338.515683938, total atoms: 30756347.794216324, temperature: 1.628750037528541
observation shape: (50, 50, 4), action: [0.80215987], reward: 0.00029089830868923714

detuning: -5.325610878284096
new atoms: 0.0, total atoms: 30756347.794216324, temperature: 1.628750037528541
observation shape: (50, 50, 4), action: [0.28280382], reward: 0.00029089830868923714

detuning: -6.281888779229863
new atoms: 0.0, total atoms: 30756347.794216324, temperature: 1.628750037528541
observation shape: (50, 50, 4), action: [0.51462876], reward: 0.00029089830868923714

detuning: -1.6886359051240953
observation shape: (50, 50, 4), action: [-0.59888709], reward: 0.0

detuning: -6.511477355026798
new atoms: 0.0, total atoms: 0.0, temperature: 1.628750037528541
observation shape: (50, 50, 4), action: [0.5702866], reward: 0.0

detuning: -5.416638734860166
new atoms: 0.0, total atoms: 0.0, temperature: 1.628750037528541
observation shape: (50, 50, 4), action: [0.30487118], reward: 0.0

detuning: -4.766076860066448
new atoms: 0.0, total atoms: 0.0, temperature: 1.628750037528541
observation shape: (50, 50, 4), action: [0.14715921], reward: 0.0

detuning: -5.467768379056684
new atoms: 0.0, total atoms: 0.0, temperature: 1.628750037528541
observation shape: (50, 50, 4), action: [0.31726624], reward: 0.0

detuning: -6.420095080574401
new atoms: 0.0, total atoms: 0.0, temperature: 1.628750037528541
observation shape: (50, 50, 4), action: [0.54813332], reward: 0.0
